2019-08-28 18:43:32,702 INFO org.springframework.boot.StartupInfoLogger [main] Starting LezeckastenaApplicationTests on DESKTOP-G5P5HPE with PID 3352 (started by Pavol äoltÈs in C:\Users\PavolSoltes\Desktop\VAVA_backend\VAsVA)
2019-08-28 18:43:32,724 DEBUG org.springframework.boot.StartupInfoLogger [main] Running with Spring Boot v2.1.3.RELEASE, Spring v5.1.5.RELEASE
2019-08-28 18:43:32,727 INFO org.springframework.boot.SpringApplication [main] No active profile set, falling back to default profiles: default
2019-08-28 18:43:38,201 INFO org.springframework.data.repository.config.RepositoryConfigurationDelegate [main] Bootstrapping Spring Data repositories in DEFAULT mode.
2019-08-28 18:43:38,545 INFO org.springframework.data.repository.config.RepositoryConfigurationDelegate [main] Finished Spring Data repository scanning in 315ms. Found 3 repository interfaces.
2019-08-28 18:43:41,610 INFO org.springframework.context.support.PostProcessorRegistrationDelegate$BeanPostProcessorChecker [main] Bean 'org.springframework.transaction.annotation.ProxyTransactionManagementConfiguration' of type [org.springframework.transaction.annotation.ProxyTransactionManagementConfiguration$$EnhancerBySpringCGLIB$$52e17d94] is not eligible for getting processed by all BeanPostProcessors (for example: not eligible for auto-proxying)
2019-08-28 18:43:43,653 INFO com.zaxxer.hikari.HikariDataSource [main] HikariPool-1 - Starting...
2019-08-28 18:43:44,541 INFO com.zaxxer.hikari.HikariDataSource [main] HikariPool-1 - Start completed.
2019-08-28 18:43:44,773 INFO org.hibernate.jpa.internal.util.LogHelper [main] HHH000204: Processing PersistenceUnitInfo [
	name: default
	...]
2019-08-28 18:43:45,170 INFO org.hibernate.Version [main] HHH000412: Hibernate Core {5.3.7.Final}
2019-08-28 18:43:45,177 INFO org.hibernate.cfg.Environment [main] HHH000206: hibernate.properties not found
2019-08-28 18:43:45,949 INFO org.hibernate.annotations.common.reflection.java.JavaReflectionManager [main] HCANN000001: Hibernate Commons Annotations {5.0.4.Final}
2019-08-28 18:43:47,832 INFO org.hibernate.dialect.Dialect [main] HHH000400: Using dialect: org.hibernate.dialect.PostgreSQLDialect
2019-08-28 18:43:47,905 INFO org.hibernate.engine.jdbc.env.internal.LobCreatorBuilderImpl [main] HHH000422: Disabling contextual LOB creation as connection was null
2019-08-28 18:43:47,925 INFO org.hibernate.type.BasicTypeRegistry [main] HHH000270: Type registration [java.util.UUID] overrides previous : org.hibernate.type.UUIDBinaryType@751d7425
2019-08-28 18:43:51,649 INFO org.springframework.orm.jpa.AbstractEntityManagerFactoryBean [main] Initialized JPA EntityManagerFactory for persistence unit 'default'
2019-08-28 18:43:54,106 WARN org.springframework.security.oauth2.provider.token.store.JwtAccessTokenConverter [main] Unable to create an RSA verifier from verifierKey (ignoreable if using MAC)
2019-08-28 18:43:57,846 INFO org.springframework.scheduling.concurrent.ExecutorConfigurationSupport [main] Initializing ExecutorService 'applicationTaskExecutor'
2019-08-28 18:43:58,090 WARN org.springframework.boot.autoconfigure.orm.jpa.JpaBaseConfiguration$JpaWebConfiguration$JpaWebMvcConfiguration [main] spring.jpa.open-in-view is enabled by default. Therefore, database queries may be performed during view rendering. Explicitly configure spring.jpa.open-in-view to disable this warning
2019-08-28 18:44:00,663 INFO org.springframework.security.web.DefaultSecurityFilterChain [main] Creating filter chain: OrRequestMatcher [requestMatchers=[Ant [pattern='/oauth/token'], Ant [pattern='/oauth/token_key'], Ant [pattern='/oauth/check_token']]], [org.springframework.security.web.context.request.async.WebAsyncManagerIntegrationFilter@42684d86, org.springframework.security.web.context.SecurityContextPersistenceFilter@943cf5, org.springframework.security.web.header.HeaderWriterFilter@4bc39640, org.springframework.security.web.authentication.logout.LogoutFilter@561c031, org.springframework.security.web.authentication.www.BasicAuthenticationFilter@39a03ccc, org.springframework.security.web.savedrequest.RequestCacheAwareFilter@211cf27b, org.springframework.security.web.servletapi.SecurityContextHolderAwareRequestFilter@3cfab56d, org.springframework.security.web.authentication.AnonymousAuthenticationFilter@45a05350, org.springframework.security.web.session.SessionManagementFilter@18d09283, org.springframework.security.web.access.ExceptionTranslationFilter@32b8992e, org.springframework.security.web.access.intercept.FilterSecurityInterceptor@35a2ea5a]
2019-08-28 18:44:00,754 INFO org.springframework.security.web.DefaultSecurityFilterChain [main] Creating filter chain: org.springframework.security.oauth2.config.annotation.web.configuration.ResourceServerConfiguration$NotOAuthRequestMatcher@95aeee4, [org.springframework.security.web.context.request.async.WebAsyncManagerIntegrationFilter@3c1d6ef0, org.springframework.security.web.context.SecurityContextPersistenceFilter@43c3354, org.springframework.security.web.header.HeaderWriterFilter@2fafa9bf, org.springframework.security.web.authentication.logout.LogoutFilter@4d359c69, org.springframework.security.oauth2.provider.authentication.OAuth2AuthenticationProcessingFilter@42fdf45e, org.springframework.security.web.savedrequest.RequestCacheAwareFilter@260fffec, org.springframework.security.web.servletapi.SecurityContextHolderAwareRequestFilter@743f58c3, org.springframework.security.web.authentication.AnonymousAuthenticationFilter@2e2c9e24, org.springframework.security.web.session.SessionManagementFilter@53fd59d4, org.springframework.security.web.access.ExceptionTranslationFilter@50fe5df2, org.springframework.security.web.access.intercept.FilterSecurityInterceptor@35217e0]
2019-08-28 18:44:00,761 INFO org.springframework.security.web.DefaultSecurityFilterChain [main] Creating filter chain: any request, [org.springframework.security.web.context.request.async.WebAsyncManagerIntegrationFilter@55cf5626, org.springframework.security.web.context.SecurityContextPersistenceFilter@345af277, org.springframework.security.web.header.HeaderWriterFilter@4e53c6ef, org.springframework.security.web.authentication.logout.LogoutFilter@1d6dc2b8, org.springframework.security.web.authentication.www.BasicAuthenticationFilter@7ec75228, org.springframework.security.web.savedrequest.RequestCacheAwareFilter@96448ee, org.springframework.security.web.servletapi.SecurityContextHolderAwareRequestFilter@59509393, org.springframework.security.web.authentication.AnonymousAuthenticationFilter@8de8b07, org.springframework.security.web.session.SessionManagementFilter@6164b3a2, org.springframework.security.web.access.ExceptionTranslationFilter@6bbac73d]
2019-08-28 18:44:01,471 INFO org.springframework.boot.StartupInfoLogger [main] Started LezeckastenaApplicationTests in 31.595 seconds (JVM running for 37.518)
2019-08-28 18:44:02,171 INFO org.springframework.scheduling.concurrent.ExecutorConfigurationSupport [Thread-2] Shutting down ExecutorService 'applicationTaskExecutor'
2019-08-28 18:44:02,176 INFO org.springframework.orm.jpa.AbstractEntityManagerFactoryBean [Thread-2] Closing JPA EntityManagerFactory for persistence unit 'default'
2019-08-28 18:44:02,189 INFO com.zaxxer.hikari.HikariDataSource [Thread-2] HikariPool-1 - Shutdown initiated...
2019-08-28 18:44:02,219 INFO com.zaxxer.hikari.HikariDataSource [Thread-2] HikariPool-1 - Shutdown completed.
2019-08-28 18:44:23,092 INFO org.springframework.boot.StartupInfoLogger [main] Starting LezeckastenaApplication on DESKTOP-G5P5HPE with PID 10664 (C:\Users\PavolSoltes\Desktop\VAVA_backend\VAsVA\target\classes started by Pavol ≈†olt√©s in C:\Users\PavolSoltes\Desktop\VAVA_backend\VAsVA)
2019-08-28 18:44:23,107 DEBUG org.springframework.boot.StartupInfoLogger [main] Running with Spring Boot v2.1.3.RELEASE, Spring v5.1.5.RELEASE
2019-08-28 18:44:23,108 INFO org.springframework.boot.SpringApplication [main] No active profile set, falling back to default profiles: default
2019-08-28 18:44:25,717 INFO org.springframework.data.repository.config.RepositoryConfigurationDelegate [main] Bootstrapping Spring Data repositories in DEFAULT mode.
2019-08-28 18:44:25,922 INFO org.springframework.data.repository.config.RepositoryConfigurationDelegate [main] Finished Spring Data repository scanning in 190ms. Found 3 repository interfaces.
2019-08-28 18:44:27,191 INFO org.springframework.context.support.PostProcessorRegistrationDelegate$BeanPostProcessorChecker [main] Bean 'org.springframework.transaction.annotation.ProxyTransactionManagementConfiguration' of type [org.springframework.transaction.annotation.ProxyTransactionManagementConfiguration$$EnhancerBySpringCGLIB$$506c6c5e] is not eligible for getting processed by all BeanPostProcessors (for example: not eligible for auto-proxying)
2019-08-28 18:44:28,307 INFO org.springframework.boot.web.embedded.tomcat.TomcatWebServer [main] Tomcat initialized with port(s): 8080 (http)
2019-08-28 18:44:28,362 INFO org.apache.juli.logging.DirectJDKLog [main] Initializing ProtocolHandler ["http-nio-8080"]
2019-08-28 18:44:28,397 INFO org.apache.juli.logging.DirectJDKLog [main] Starting service [Tomcat]
2019-08-28 18:44:28,398 INFO org.apache.juli.logging.DirectJDKLog [main] Starting Servlet engine: [Apache Tomcat/9.0.16]
2019-08-28 18:44:28,433 INFO org.apache.juli.logging.DirectJDKLog [main] The APR based Apache Tomcat Native library which allows optimal performance in production environments was not found on the java.library.path: [C:\Program Files\Java\jdk-11.0.2\bin;C:\Windows\Sun\Java\bin;C:\Windows\system32;C:\Windows;C:\Program Files (x86)\Common Files\Oracle\Java\javapath;C:\Program Files\NVIDIA GPU Computing Toolkit\CUDA\v10.0\bin;C:\Program Files\NVIDIA GPU Computing Toolkit\CUDA\v10.0\libnvvp;C:\Program Files\Microsoft MPI\Bin\;C:\Windows\system32;C:\Windows;C:\Windows\System32\Wbem;C:\Windows\System32\WindowsPowerShell\v1.0\;C:\Windows\System32\OpenSSH\;C:\Program Files\PuTTY\;C:\Program Files\Git\cmd;C:\Bitnami\wampstack-7.1.23-0\php;C:\ProgramData\ComposerSetup\bin;C:\wamp64\bin\php\php7.2.10;C:\Users\PavolSoltes\AppData\Local\Programs\Python\Python37-32;C:\Program Files\nodejs\;C:\Program Files (x86)\NVIDIA Corporation\PhysX\Common;C:\Program Files\NVIDIA Corporation\NVIDIA NvDLISR;C:\Program Files\Java\jdk-11.0.2\bin;C:\Users\PavolSoltes\AppData\Local\Android\Sdk\platform-tools;C:\Ruby25-x64\bin;C:\Users\PavolSoltes\AppData\Local\Microsoft\WindowsApps;C:\Users\Pavol ≈†olt√©s\AppData\Roaming\Composer\vendor\bin;C:\Users\Pavol ≈†olt√©s\AppData\Local\Programs\MiKTeX 2.9\miktex\bin\x64\;C:\Users\Pavol ≈†olt√©s\AppData\Local\Programs\Python\Python37-32;C:\Users\PavolSoltes\AppData\Roaming\npm;C:\Program Files\NVIDIA GPU Computing Toolkit\CUDA\v10.0\bin;;C:\Program Files\JetBrains\PyCharm Community Edition 2018.3.3\bin;;C:\Program Files\JetBrains\IntelliJ IDEA 2018.3.4\bin;;C:\Users\PavolSoltes\AppData\Local\Programs\Microsoft VS Code\bin;C:\Users\PavolSoltes\AppData\Local\Pandoc\;.]
2019-08-28 18:44:29,032 INFO org.apache.juli.logging.DirectJDKLog [main] Initializing Spring embedded WebApplicationContext
2019-08-28 18:44:29,035 INFO org.springframework.boot.web.servlet.context.ServletWebServerApplicationContext [main] Root WebApplicationContext: initialization completed in 5769 ms
2019-08-28 18:44:29,776 INFO com.zaxxer.hikari.HikariDataSource [main] HikariPool-1 - Starting...
2019-08-28 18:44:30,088 INFO com.zaxxer.hikari.HikariDataSource [main] HikariPool-1 - Start completed.
2019-08-28 18:44:30,254 INFO org.hibernate.jpa.internal.util.LogHelper [main] HHH000204: Processing PersistenceUnitInfo [
	name: default
	...]
2019-08-28 18:44:30,505 INFO org.hibernate.Version [main] HHH000412: Hibernate Core {5.3.7.Final}
2019-08-28 18:44:30,509 INFO org.hibernate.cfg.Environment [main] HHH000206: hibernate.properties not found
2019-08-28 18:44:31,049 INFO org.hibernate.annotations.common.reflection.java.JavaReflectionManager [main] HCANN000001: Hibernate Commons Annotations {5.0.4.Final}
2019-08-28 18:44:31,567 INFO org.hibernate.dialect.Dialect [main] HHH000400: Using dialect: org.hibernate.dialect.PostgreSQLDialect
2019-08-28 18:44:31,609 INFO org.hibernate.engine.jdbc.env.internal.LobCreatorBuilderImpl [main] HHH000422: Disabling contextual LOB creation as connection was null
2019-08-28 18:44:31,624 INFO org.hibernate.type.BasicTypeRegistry [main] HHH000270: Type registration [java.util.UUID] overrides previous : org.hibernate.type.UUIDBinaryType@1815577b
2019-08-28 18:44:34,545 INFO org.springframework.orm.jpa.AbstractEntityManagerFactoryBean [main] Initialized JPA EntityManagerFactory for persistence unit 'default'
2019-08-28 18:44:35,799 WARN org.springframework.security.oauth2.provider.token.store.JwtAccessTokenConverter [main] Unable to create an RSA verifier from verifierKey (ignoreable if using MAC)
2019-08-28 18:44:36,971 INFO org.springframework.scheduling.concurrent.ExecutorConfigurationSupport [main] Initializing ExecutorService 'applicationTaskExecutor'
2019-08-28 18:44:37,153 WARN org.springframework.boot.autoconfigure.orm.jpa.JpaBaseConfiguration$JpaWebConfiguration$JpaWebMvcConfiguration [main] spring.jpa.open-in-view is enabled by default. Therefore, database queries may be performed during view rendering. Explicitly configure spring.jpa.open-in-view to disable this warning
2019-08-28 18:44:38,667 INFO org.springframework.security.web.DefaultSecurityFilterChain [main] Creating filter chain: OrRequestMatcher [requestMatchers=[Ant [pattern='/oauth/token'], Ant [pattern='/oauth/token_key'], Ant [pattern='/oauth/check_token']]], [org.springframework.security.web.context.request.async.WebAsyncManagerIntegrationFilter@31e9d94f, org.springframework.security.web.context.SecurityContextPersistenceFilter@73bcd9b4, org.springframework.security.web.header.HeaderWriterFilter@4154ecd3, org.springframework.security.web.authentication.logout.LogoutFilter@70efdd18, org.springframework.security.web.authentication.www.BasicAuthenticationFilter@6018d82c, org.springframework.security.web.savedrequest.RequestCacheAwareFilter@5d10df04, org.springframework.security.web.servletapi.SecurityContextHolderAwareRequestFilter@7d95a717, org.springframework.security.web.authentication.AnonymousAuthenticationFilter@69a3944, org.springframework.security.web.session.SessionManagementFilter@1e0c898c, org.springframework.security.web.access.ExceptionTranslationFilter@72ea6fcb, org.springframework.security.web.access.intercept.FilterSecurityInterceptor@740fccd2]
2019-08-28 18:44:38,741 INFO org.springframework.security.web.DefaultSecurityFilterChain [main] Creating filter chain: org.springframework.security.oauth2.config.annotation.web.configuration.ResourceServerConfiguration$NotOAuthRequestMatcher@7ab2e018, [org.springframework.security.web.context.request.async.WebAsyncManagerIntegrationFilter@4e13af1b, org.springframework.security.web.context.SecurityContextPersistenceFilter@664083f6, org.springframework.security.web.header.HeaderWriterFilter@7a74672, org.springframework.security.web.authentication.logout.LogoutFilter@6ec77cab, org.springframework.security.oauth2.provider.authentication.OAuth2AuthenticationProcessingFilter@498503cb, org.springframework.security.web.savedrequest.RequestCacheAwareFilter@5a8835c6, org.springframework.security.web.servletapi.SecurityContextHolderAwareRequestFilter@67216c33, org.springframework.security.web.authentication.AnonymousAuthenticationFilter@468eff41, org.springframework.security.web.session.SessionManagementFilter@35b79b1f, org.springframework.security.web.access.ExceptionTranslationFilter@37816ea6, org.springframework.security.web.access.intercept.FilterSecurityInterceptor@79454d8e]
2019-08-28 18:44:38,749 INFO org.springframework.security.web.DefaultSecurityFilterChain [main] Creating filter chain: any request, [org.springframework.security.web.context.request.async.WebAsyncManagerIntegrationFilter@48a61e38, org.springframework.security.web.context.SecurityContextPersistenceFilter@1e2c0292, org.springframework.security.web.header.HeaderWriterFilter@16f2d883, org.springframework.security.web.authentication.logout.LogoutFilter@1bbfd42f, org.springframework.security.web.authentication.www.BasicAuthenticationFilter@65f96d58, org.springframework.security.web.savedrequest.RequestCacheAwareFilter@69988d42, org.springframework.security.web.servletapi.SecurityContextHolderAwareRequestFilter@69ae7632, org.springframework.security.web.authentication.AnonymousAuthenticationFilter@52a3eef8, org.springframework.security.web.session.SessionManagementFilter@71806c64, org.springframework.security.web.access.ExceptionTranslationFilter@3b399f5a]
2019-08-28 18:44:38,974 INFO org.apache.juli.logging.DirectJDKLog [main] Starting ProtocolHandler ["http-nio-8080"]
2019-08-28 18:44:39,050 INFO org.springframework.boot.web.embedded.tomcat.TomcatWebServer [main] Tomcat started on port(s): 8080 (http) with context path ''
2019-08-28 18:44:39,062 INFO org.springframework.boot.StartupInfoLogger [main] Started LezeckastenaApplication in 17.506 seconds (JVM running for 20.564)
2019-08-28 19:40:39,723 INFO org.apache.juli.logging.DirectJDKLog [http-nio-8080-exec-1] Initializing Spring DispatcherServlet 'dispatcherServlet'
2019-08-28 19:40:39,741 INFO org.springframework.web.servlet.FrameworkServlet [http-nio-8080-exec-1] Initializing Servlet 'dispatcherServlet'
2019-08-28 19:40:39,897 INFO org.springframework.web.servlet.FrameworkServlet [http-nio-8080-exec-1] Completed initialization in 150 ms
2019-08-28 19:40:40,325 INFO org.hibernate.hql.internal.QueryTranslatorFactoryInitiator [http-nio-8080-exec-1] HHH000397: Using ASTQueryTranslatorFactory
2019-08-28 19:49:19,061 DEBUG org.hibernate.validator.internal.engine.ValidatorFactoryImpl [background-preinit] HV000234: Using org.hibernate.validator.messageinterpolation.ResourceBundleMessageInterpolator as ValidatorFactory-scoped message interpolator.
2019-08-28 19:49:19,093 DEBUG org.hibernate.validator.internal.engine.ValidatorFactoryImpl [background-preinit] HV000234: Using org.hibernate.validator.internal.engine.resolver.JPATraversableResolver as ValidatorFactory-scoped traversable resolver.
2019-08-28 19:49:19,094 DEBUG org.hibernate.validator.internal.engine.ValidatorFactoryImpl [background-preinit] HV000234: Using org.hibernate.validator.internal.util.ExecutableParameterNameProvider as ValidatorFactory-scoped parameter name provider.
2019-08-28 19:49:19,095 DEBUG org.hibernate.validator.internal.engine.ValidatorFactoryImpl [background-preinit] HV000234: Using org.hibernate.validator.internal.engine.DefaultClockProvider as ValidatorFactory-scoped clock provider.
2019-08-28 19:49:19,096 DEBUG org.hibernate.validator.internal.engine.ValidatorFactoryImpl [background-preinit] HV000234: Using org.hibernate.validator.internal.engine.scripting.DefaultScriptEvaluatorFactory as ValidatorFactory-scoped script evaluator factory.
2019-08-28 19:49:19,774 INFO org.springframework.boot.StartupInfoLogger [main] Starting LezeckastenaApplicationTests on DESKTOP-G5P5HPE with PID 8852 (started by Pavol äoltÈs in C:\Users\PavolSoltes\Desktop\VAVA_backend\VAsVA)
2019-08-28 19:49:19,779 DEBUG org.springframework.boot.StartupInfoLogger [main] Running with Spring Boot v2.1.3.RELEASE, Spring v5.1.5.RELEASE
2019-08-28 19:49:19,781 INFO org.springframework.boot.SpringApplication [main] No active profile set, falling back to default profiles: default
2019-08-28 19:49:23,486 INFO org.springframework.data.repository.config.RepositoryConfigurationDelegate [main] Bootstrapping Spring Data repositories in DEFAULT mode.
2019-08-28 19:49:23,875 INFO org.springframework.data.repository.config.RepositoryConfigurationDelegate [main] Finished Spring Data repository scanning in 364ms. Found 3 repository interfaces.
2019-08-28 19:49:26,219 INFO org.springframework.context.support.PostProcessorRegistrationDelegate$BeanPostProcessorChecker [main] Bean 'org.springframework.transaction.annotation.ProxyTransactionManagementConfiguration' of type [org.springframework.transaction.annotation.ProxyTransactionManagementConfiguration$$EnhancerBySpringCGLIB$$9a9deb7c] is not eligible for getting processed by all BeanPostProcessors (for example: not eligible for auto-proxying)
2019-08-28 19:49:27,250 INFO com.zaxxer.hikari.HikariDataSource [main] HikariPool-1 - Starting...
2019-08-28 19:49:27,852 INFO com.zaxxer.hikari.HikariDataSource [main] HikariPool-1 - Start completed.
2019-08-28 19:49:28,173 INFO org.hibernate.jpa.internal.util.LogHelper [main] HHH000204: Processing PersistenceUnitInfo [
	name: default
	...]
2019-08-28 19:49:28,516 INFO org.hibernate.Version [main] HHH000412: Hibernate Core {5.3.7.Final}
2019-08-28 19:49:28,532 INFO org.hibernate.cfg.Environment [main] HHH000206: hibernate.properties not found
2019-08-28 19:49:29,221 INFO org.hibernate.annotations.common.reflection.java.JavaReflectionManager [main] HCANN000001: Hibernate Commons Annotations {5.0.4.Final}
2019-08-28 19:49:31,508 INFO org.hibernate.dialect.Dialect [main] HHH000400: Using dialect: org.hibernate.dialect.PostgreSQLDialect
2019-08-28 19:49:31,605 INFO org.hibernate.engine.jdbc.env.internal.LobCreatorBuilderImpl [main] HHH000422: Disabling contextual LOB creation as connection was null
2019-08-28 19:49:31,648 INFO org.hibernate.type.BasicTypeRegistry [main] HHH000270: Type registration [java.util.UUID] overrides previous : org.hibernate.type.UUIDBinaryType@1be52861
2019-08-28 19:49:34,917 INFO org.springframework.orm.jpa.AbstractEntityManagerFactoryBean [main] Initialized JPA EntityManagerFactory for persistence unit 'default'
2019-08-28 19:49:38,071 WARN org.springframework.security.oauth2.provider.token.store.JwtAccessTokenConverter [main] Unable to create an RSA verifier from verifierKey (ignoreable if using MAC)
2019-08-28 19:49:41,548 INFO org.springframework.scheduling.concurrent.ExecutorConfigurationSupport [main] Initializing ExecutorService 'applicationTaskExecutor'
2019-08-28 19:49:41,796 WARN org.springframework.boot.autoconfigure.orm.jpa.JpaBaseConfiguration$JpaWebConfiguration$JpaWebMvcConfiguration [main] spring.jpa.open-in-view is enabled by default. Therefore, database queries may be performed during view rendering. Explicitly configure spring.jpa.open-in-view to disable this warning
2019-08-28 19:49:44,916 INFO org.springframework.security.web.DefaultSecurityFilterChain [main] Creating filter chain: OrRequestMatcher [requestMatchers=[Ant [pattern='/oauth/token'], Ant [pattern='/oauth/token_key'], Ant [pattern='/oauth/check_token']]], [org.springframework.security.web.context.request.async.WebAsyncManagerIntegrationFilter@7a482b3a, org.springframework.security.web.context.SecurityContextPersistenceFilter@3fb42ec7, org.springframework.security.web.header.HeaderWriterFilter@62977afb, org.springframework.security.web.authentication.logout.LogoutFilter@5e75cf7a, org.springframework.security.web.authentication.www.BasicAuthenticationFilter@5f3c866c, org.springframework.security.web.savedrequest.RequestCacheAwareFilter@4c941d19, org.springframework.security.web.servletapi.SecurityContextHolderAwareRequestFilter@1ccce165, org.springframework.security.web.authentication.AnonymousAuthenticationFilter@600b3bee, org.springframework.security.web.session.SessionManagementFilter@4bc39640, org.springframework.security.web.access.ExceptionTranslationFilter@291522f1, org.springframework.security.web.access.intercept.FilterSecurityInterceptor@5ef48b08]
2019-08-28 19:49:45,011 INFO org.springframework.security.web.DefaultSecurityFilterChain [main] Creating filter chain: org.springframework.security.oauth2.config.annotation.web.configuration.ResourceServerConfiguration$NotOAuthRequestMatcher@589a4305, [org.springframework.security.web.context.request.async.WebAsyncManagerIntegrationFilter@7568134c, org.springframework.security.web.context.SecurityContextPersistenceFilter@74ed7111, org.springframework.security.web.header.HeaderWriterFilter@45a05350, org.springframework.security.web.authentication.logout.LogoutFilter@1abd1a28, org.springframework.security.oauth2.provider.authentication.OAuth2AuthenticationProcessingFilter@4cb59398, org.springframework.security.web.savedrequest.RequestCacheAwareFilter@74691677, org.springframework.security.web.servletapi.SecurityContextHolderAwareRequestFilter@3314f179, org.springframework.security.web.authentication.AnonymousAuthenticationFilter@28c75c93, org.springframework.security.web.session.SessionManagementFilter@7d6a9d5e, org.springframework.security.web.access.ExceptionTranslationFilter@42684d86, org.springframework.security.web.access.intercept.FilterSecurityInterceptor@5e7ea81b]
2019-08-28 19:49:45,046 INFO org.springframework.security.web.DefaultSecurityFilterChain [main] Creating filter chain: any request, [org.springframework.security.web.context.request.async.WebAsyncManagerIntegrationFilter@96448ee, org.springframework.security.web.context.SecurityContextPersistenceFilter@3f1d4ecf, org.springframework.security.web.header.HeaderWriterFilter@7e0b68e5, org.springframework.security.web.authentication.logout.LogoutFilter@6164b3a2, org.springframework.security.web.authentication.www.BasicAuthenticationFilter@345af277, org.springframework.security.web.savedrequest.RequestCacheAwareFilter@6bbac73d, org.springframework.security.web.servletapi.SecurityContextHolderAwareRequestFilter@4e53c6ef, org.springframework.security.web.authentication.AnonymousAuthenticationFilter@59509393, org.springframework.security.web.session.SessionManagementFilter@507fecf3, org.springframework.security.web.access.ExceptionTranslationFilter@341c0dfc]
2019-08-28 19:49:45,673 INFO org.springframework.boot.StartupInfoLogger [main] Started LezeckastenaApplicationTests in 27.876 seconds (JVM running for 34.496)
2019-08-28 19:49:46,409 INFO org.springframework.scheduling.concurrent.ExecutorConfigurationSupport [Thread-2] Shutting down ExecutorService 'applicationTaskExecutor'
2019-08-28 19:49:46,414 INFO org.springframework.orm.jpa.AbstractEntityManagerFactoryBean [Thread-2] Closing JPA EntityManagerFactory for persistence unit 'default'
2019-08-28 19:49:46,456 INFO com.zaxxer.hikari.HikariDataSource [Thread-2] HikariPool-1 - Shutdown initiated...
2019-08-28 19:49:46,486 INFO com.zaxxer.hikari.HikariDataSource [Thread-2] HikariPool-1 - Shutdown completed.
2019-08-28 19:50:43,848 INFO org.springframework.boot.StartupInfoLogger [main] Starting LezeckastenaApplication on DESKTOP-G5P5HPE with PID 14096 (C:\Users\PavolSoltes\Desktop\VAVA_backend\VAsVA\target\classes started by Pavol ≈†olt√©s in C:\Users\PavolSoltes\Desktop\VAVA_backend\VAsVA)
2019-08-28 19:50:43,856 DEBUG org.springframework.boot.StartupInfoLogger [main] Running with Spring Boot v2.1.3.RELEASE, Spring v5.1.5.RELEASE
2019-08-28 19:50:43,859 INFO org.springframework.boot.SpringApplication [main] No active profile set, falling back to default profiles: default
2019-08-28 19:50:45,649 INFO org.springframework.data.repository.config.RepositoryConfigurationDelegate [main] Bootstrapping Spring Data repositories in DEFAULT mode.
2019-08-28 19:50:45,793 INFO org.springframework.data.repository.config.RepositoryConfigurationDelegate [main] Finished Spring Data repository scanning in 130ms. Found 3 repository interfaces.
2019-08-28 19:50:46,662 INFO org.springframework.context.support.PostProcessorRegistrationDelegate$BeanPostProcessorChecker [main] Bean 'org.springframework.transaction.annotation.ProxyTransactionManagementConfiguration' of type [org.springframework.transaction.annotation.ProxyTransactionManagementConfiguration$$EnhancerBySpringCGLIB$$113d9b9f] is not eligible for getting processed by all BeanPostProcessors (for example: not eligible for auto-proxying)
2019-08-28 19:50:47,556 INFO org.springframework.boot.web.embedded.tomcat.TomcatWebServer [main] Tomcat initialized with port(s): 8080 (http)
2019-08-28 19:50:47,599 INFO org.apache.juli.logging.DirectJDKLog [main] Initializing ProtocolHandler ["http-nio-8080"]
2019-08-28 19:50:47,626 INFO org.apache.juli.logging.DirectJDKLog [main] Starting service [Tomcat]
2019-08-28 19:50:47,627 INFO org.apache.juli.logging.DirectJDKLog [main] Starting Servlet engine: [Apache Tomcat/9.0.16]
2019-08-28 19:50:47,646 INFO org.apache.juli.logging.DirectJDKLog [main] The APR based Apache Tomcat Native library which allows optimal performance in production environments was not found on the java.library.path: [C:\Program Files\Java\jdk-11.0.2\bin;C:\Windows\Sun\Java\bin;C:\Windows\system32;C:\Windows;C:\Program Files (x86)\Common Files\Oracle\Java\javapath;C:\Program Files\NVIDIA GPU Computing Toolkit\CUDA\v10.0\bin;C:\Program Files\NVIDIA GPU Computing Toolkit\CUDA\v10.0\libnvvp;C:\Program Files\Microsoft MPI\Bin\;C:\Windows\system32;C:\Windows;C:\Windows\System32\Wbem;C:\Windows\System32\WindowsPowerShell\v1.0\;C:\Windows\System32\OpenSSH\;C:\Program Files\PuTTY\;C:\Program Files\Git\cmd;C:\Bitnami\wampstack-7.1.23-0\php;C:\ProgramData\ComposerSetup\bin;C:\wamp64\bin\php\php7.2.10;C:\Users\PavolSoltes\AppData\Local\Programs\Python\Python37-32;C:\Program Files\nodejs\;C:\Program Files (x86)\NVIDIA Corporation\PhysX\Common;C:\Program Files\NVIDIA Corporation\NVIDIA NvDLISR;C:\Program Files\Java\jdk-11.0.2\bin;C:\Users\PavolSoltes\AppData\Local\Android\Sdk\platform-tools;C:\Ruby25-x64\bin;C:\Users\PavolSoltes\AppData\Local\Microsoft\WindowsApps;C:\Users\Pavol ≈†olt√©s\AppData\Roaming\Composer\vendor\bin;C:\Users\Pavol ≈†olt√©s\AppData\Local\Programs\MiKTeX 2.9\miktex\bin\x64\;C:\Users\Pavol ≈†olt√©s\AppData\Local\Programs\Python\Python37-32;C:\Users\PavolSoltes\AppData\Roaming\npm;C:\Program Files\NVIDIA GPU Computing Toolkit\CUDA\v10.0\bin;;C:\Program Files\JetBrains\PyCharm Community Edition 2018.3.3\bin;;C:\Program Files\JetBrains\IntelliJ IDEA 2018.3.4\bin;;C:\Users\PavolSoltes\AppData\Local\Programs\Microsoft VS Code\bin;C:\Users\PavolSoltes\AppData\Local\Pandoc\;.]
2019-08-28 19:50:48,030 INFO org.apache.juli.logging.DirectJDKLog [main] Initializing Spring embedded WebApplicationContext
2019-08-28 19:50:48,032 INFO org.springframework.boot.web.servlet.context.ServletWebServerApplicationContext [main] Root WebApplicationContext: initialization completed in 3925 ms
2019-08-28 19:50:48,402 INFO com.zaxxer.hikari.HikariDataSource [main] HikariPool-1 - Starting...
2019-08-28 19:50:48,719 INFO com.zaxxer.hikari.HikariDataSource [main] HikariPool-1 - Start completed.
2019-08-28 19:50:48,821 INFO org.hibernate.jpa.internal.util.LogHelper [main] HHH000204: Processing PersistenceUnitInfo [
	name: default
	...]
2019-08-28 19:50:49,033 INFO org.hibernate.Version [main] HHH000412: Hibernate Core {5.3.7.Final}
2019-08-28 19:50:49,039 INFO org.hibernate.cfg.Environment [main] HHH000206: hibernate.properties not found
2019-08-28 19:50:49,539 INFO org.hibernate.annotations.common.reflection.java.JavaReflectionManager [main] HCANN000001: Hibernate Commons Annotations {5.0.4.Final}
2019-08-28 19:50:49,956 INFO org.hibernate.dialect.Dialect [main] HHH000400: Using dialect: org.hibernate.dialect.PostgreSQLDialect
2019-08-28 19:50:50,015 INFO org.hibernate.engine.jdbc.env.internal.LobCreatorBuilderImpl [main] HHH000422: Disabling contextual LOB creation as connection was null
2019-08-28 19:50:50,032 INFO org.hibernate.type.BasicTypeRegistry [main] HHH000270: Type registration [java.util.UUID] overrides previous : org.hibernate.type.UUIDBinaryType@3db1ce78
2019-08-28 19:50:51,865 INFO org.springframework.orm.jpa.AbstractEntityManagerFactoryBean [main] Initialized JPA EntityManagerFactory for persistence unit 'default'
2019-08-28 19:50:52,913 WARN org.springframework.security.oauth2.provider.token.store.JwtAccessTokenConverter [main] Unable to create an RSA verifier from verifierKey (ignoreable if using MAC)
2019-08-28 19:50:53,607 INFO org.springframework.scheduling.concurrent.ExecutorConfigurationSupport [main] Initializing ExecutorService 'applicationTaskExecutor'
2019-08-28 19:50:53,674 WARN org.springframework.boot.autoconfigure.orm.jpa.JpaBaseConfiguration$JpaWebConfiguration$JpaWebMvcConfiguration [main] spring.jpa.open-in-view is enabled by default. Therefore, database queries may be performed during view rendering. Explicitly configure spring.jpa.open-in-view to disable this warning
2019-08-28 19:50:54,613 INFO org.springframework.security.web.DefaultSecurityFilterChain [main] Creating filter chain: OrRequestMatcher [requestMatchers=[Ant [pattern='/oauth/token'], Ant [pattern='/oauth/token_key'], Ant [pattern='/oauth/check_token']]], [org.springframework.security.web.context.request.async.WebAsyncManagerIntegrationFilter@59509393, org.springframework.security.web.context.SecurityContextPersistenceFilter@7a1878d, org.springframework.security.web.header.HeaderWriterFilter@c3a1d7f, org.springframework.security.web.authentication.logout.LogoutFilter@66cb9a63, org.springframework.security.web.authentication.www.BasicAuthenticationFilter@507fecf3, org.springframework.security.web.savedrequest.RequestCacheAwareFilter@2b625e82, org.springframework.security.web.servletapi.SecurityContextHolderAwareRequestFilter@35a2ea5a, org.springframework.security.web.authentication.AnonymousAuthenticationFilter@1d6dc2b8, org.springframework.security.web.session.SessionManagementFilter@5ef48b08, org.springframework.security.web.access.ExceptionTranslationFilter@5ce0f50a, org.springframework.security.web.access.intercept.FilterSecurityInterceptor@589a4305]
2019-08-28 19:50:54,638 INFO org.springframework.security.web.DefaultSecurityFilterChain [main] Creating filter chain: org.springframework.security.oauth2.config.annotation.web.configuration.ResourceServerConfiguration$NotOAuthRequestMatcher@33997e07, [org.springframework.security.web.context.request.async.WebAsyncManagerIntegrationFilter@639bf405, org.springframework.security.web.context.SecurityContextPersistenceFilter@6bfc5296, org.springframework.security.web.header.HeaderWriterFilter@1fe37d27, org.springframework.security.web.authentication.logout.LogoutFilter@144792d5, org.springframework.security.oauth2.provider.authentication.OAuth2AuthenticationProcessingFilter@2c7607e5, org.springframework.security.web.savedrequest.RequestCacheAwareFilter@41736818, org.springframework.security.web.servletapi.SecurityContextHolderAwareRequestFilter@457d3f54, org.springframework.security.web.authentication.AnonymousAuthenticationFilter@eda7dd3, org.springframework.security.web.session.SessionManagementFilter@1718de70, org.springframework.security.web.access.ExceptionTranslationFilter@3a720ae3, org.springframework.security.web.access.intercept.FilterSecurityInterceptor@543a7605]
2019-08-28 19:50:54,644 INFO org.springframework.security.web.DefaultSecurityFilterChain [main] Creating filter chain: any request, [org.springframework.security.web.context.request.async.WebAsyncManagerIntegrationFilter@28796d0e, org.springframework.security.web.context.SecurityContextPersistenceFilter@22cce199, org.springframework.security.web.header.HeaderWriterFilter@7205a8b7, org.springframework.security.web.authentication.logout.LogoutFilter@5c6be812, org.springframework.security.web.authentication.www.BasicAuthenticationFilter@19ee0a2f, org.springframework.security.web.savedrequest.RequestCacheAwareFilter@14b4b25e, org.springframework.security.web.servletapi.SecurityContextHolderAwareRequestFilter@4babe06f, org.springframework.security.web.authentication.AnonymousAuthenticationFilter@3cc548f6, org.springframework.security.web.session.SessionManagementFilter@1ee126de, org.springframework.security.web.access.ExceptionTranslationFilter@27422187]
2019-08-28 19:50:54,774 INFO org.apache.juli.logging.DirectJDKLog [main] Starting ProtocolHandler ["http-nio-8080"]
2019-08-28 19:50:54,842 INFO org.springframework.boot.web.embedded.tomcat.TomcatWebServer [main] Tomcat started on port(s): 8080 (http) with context path ''
2019-08-28 19:50:54,854 INFO org.springframework.boot.StartupInfoLogger [main] Started LezeckastenaApplication in 12.324 seconds (JVM running for 22.007)
2019-08-28 19:51:02,620 INFO org.apache.juli.logging.DirectJDKLog [http-nio-8080-exec-1] Initializing Spring DispatcherServlet 'dispatcherServlet'
2019-08-28 19:51:02,622 INFO org.springframework.web.servlet.FrameworkServlet [http-nio-8080-exec-1] Initializing Servlet 'dispatcherServlet'
2019-08-28 19:51:02,649 INFO org.springframework.web.servlet.FrameworkServlet [http-nio-8080-exec-1] Completed initialization in 25 ms
2019-08-28 19:51:29,346 INFO org.hibernate.hql.internal.QueryTranslatorFactoryInitiator [http-nio-8080-exec-1] HHH000397: Using ASTQueryTranslatorFactory
2019-08-28 19:51:31,665 TRACE vava.soltesvasko.lezeckastena.Data.Climber [http-nio-8080-exec-1] Getting id (21).
2019-08-28 19:51:31,703 TRACE vava.soltesvasko.lezeckastena.Data.Climber [http-nio-8080-exec-1] Getting email for climber (21).
2019-08-28 19:51:31,713 TRACE vava.soltesvasko.lezeckastena.Data.Climber [http-nio-8080-exec-1] Getting password for climber (21).
2019-08-28 19:51:31,736 TRACE vava.soltesvasko.lezeckastena.Data.Climber [http-nio-8080-exec-1] Getting roles for climber (21).
2019-08-28 19:52:22,481 WARN com.zaxxer.hikari.pool.HikariPool$HouseKeeper [HikariPool-1 housekeeper] HikariPool-1 - Thread starvation or clock leap detected (housekeeper delta=53s541ms202¬µs241ns).
2019-08-28 19:52:22,480 TRACE vava.soltesvasko.lezeckastena.Data.Climber [http-nio-8080-exec-1] Getting id (21).
2019-08-28 19:52:22,498 TRACE vava.soltesvasko.lezeckastena.Data.Climber [http-nio-8080-exec-1] Getting email for climber (21).
2019-08-28 19:52:22,508 TRACE vava.soltesvasko.lezeckastena.Data.Climber [http-nio-8080-exec-1] Getting password for climber (21).
2019-08-28 19:52:22,526 TRACE vava.soltesvasko.lezeckastena.Data.Climber [http-nio-8080-exec-1] Getting roles for climber (21).
2019-08-28 19:53:14,457 TRACE vava.soltesvasko.lezeckastena.Data.Climber [http-nio-8080-exec-2] Creating new Climber.
2019-08-28 19:53:14,545 TRACE vava.soltesvasko.lezeckastena.Data.Climber [http-nio-8080-exec-2] Getting id (null).
2019-08-28 20:02:30,369 INFO org.springframework.scheduling.concurrent.ExecutorConfigurationSupport [Thread-3] Shutting down ExecutorService 'applicationTaskExecutor'
2019-08-28 20:02:30,419 INFO org.springframework.orm.jpa.AbstractEntityManagerFactoryBean [Thread-3] Closing JPA EntityManagerFactory for persistence unit 'default'
2019-08-28 20:02:30,565 INFO com.zaxxer.hikari.HikariDataSource [Thread-3] HikariPool-1 - Shutdown initiated...
2019-08-28 20:02:30,748 INFO com.zaxxer.hikari.HikariDataSource [Thread-3] HikariPool-1 - Shutdown completed.
