2019-08-31 16:35:41,067 DEBUG org.hibernate.validator.internal.engine.ValidatorFactoryImpl [background-preinit] HV000234: Using org.hibernate.validator.messageinterpolation.ResourceBundleMessageInterpolator as ValidatorFactory-scoped message interpolator.
2019-08-31 16:35:41,586 INFO org.springframework.boot.StartupInfoLogger [main] Starting LezeckastenaApplicationTests on DESKTOP-G5P5HPE with PID 8940 (started by Pavol äoltÈs in C:\Users\PavolSoltes\Desktop\VAVA_backend\VAsVA)
2019-08-31 16:35:41,595 DEBUG org.springframework.boot.StartupInfoLogger [main] Running with Spring Boot v2.1.3.RELEASE, Spring v5.1.5.RELEASE
2019-08-31 16:35:41,599 INFO org.springframework.boot.SpringApplication [main] No active profile set, falling back to default profiles: default
2019-08-31 16:35:45,188 INFO org.springframework.data.repository.config.RepositoryConfigurationDelegate [main] Bootstrapping Spring Data repositories in DEFAULT mode.
2019-08-31 16:35:45,396 INFO org.springframework.data.repository.config.RepositoryConfigurationDelegate [main] Finished Spring Data repository scanning in 194ms. Found 3 repository interfaces.
2019-08-31 16:35:46,706 INFO org.springframework.context.support.PostProcessorRegistrationDelegate$BeanPostProcessorChecker [main] Bean 'org.springframework.transaction.annotation.ProxyTransactionManagementConfiguration' of type [org.springframework.transaction.annotation.ProxyTransactionManagementConfiguration$$EnhancerBySpringCGLIB$$49b8afd7] is not eligible for getting processed by all BeanPostProcessors (for example: not eligible for auto-proxying)
2019-08-31 16:35:47,563 INFO com.zaxxer.hikari.HikariDataSource [main] HikariPool-1 - Starting...
2019-08-31 16:35:47,883 INFO com.zaxxer.hikari.HikariDataSource [main] HikariPool-1 - Start completed.
2019-08-31 16:35:48,018 INFO org.hibernate.jpa.internal.util.LogHelper [main] HHH000204: Processing PersistenceUnitInfo [
	name: default
	...]
2019-08-31 16:35:48,302 INFO org.hibernate.Version [main] HHH000412: Hibernate Core {5.3.7.Final}
2019-08-31 16:35:48,312 INFO org.hibernate.cfg.Environment [main] HHH000206: hibernate.properties not found
2019-08-31 16:35:48,856 INFO org.hibernate.annotations.common.reflection.java.JavaReflectionManager [main] HCANN000001: Hibernate Commons Annotations {5.0.4.Final}
2019-08-31 16:35:49,790 INFO org.hibernate.dialect.Dialect [main] HHH000400: Using dialect: org.hibernate.dialect.PostgreSQLDialect
2019-08-31 16:35:49,825 INFO org.hibernate.engine.jdbc.env.internal.LobCreatorBuilderImpl [main] HHH000422: Disabling contextual LOB creation as connection was null
2019-08-31 16:35:49,835 INFO org.hibernate.type.BasicTypeRegistry [main] HHH000270: Type registration [java.util.UUID] overrides previous : org.hibernate.type.UUIDBinaryType@5fb5ad40
2019-08-31 16:35:52,054 INFO org.springframework.orm.jpa.AbstractEntityManagerFactoryBean [main] Initialized JPA EntityManagerFactory for persistence unit 'default'
2019-08-31 16:35:53,415 WARN org.springframework.security.oauth2.provider.token.store.JwtAccessTokenConverter [main] Unable to create an RSA verifier from verifierKey (ignoreable if using MAC)
2019-08-31 16:35:55,854 INFO org.springframework.scheduling.concurrent.ExecutorConfigurationSupport [main] Initializing ExecutorService 'applicationTaskExecutor'
2019-08-31 16:35:56,256 WARN org.springframework.boot.autoconfigure.orm.jpa.JpaBaseConfiguration$JpaWebConfiguration$JpaWebMvcConfiguration [main] spring.jpa.open-in-view is enabled by default. Therefore, database queries may be performed during view rendering. Explicitly configure spring.jpa.open-in-view to disable this warning
2019-08-31 16:35:58,577 INFO org.springframework.security.web.DefaultSecurityFilterChain [main] Creating filter chain: OrRequestMatcher [requestMatchers=[Ant [pattern='/oauth/token'], Ant [pattern='/oauth/token_key'], Ant [pattern='/oauth/check_token']]], [org.springframework.security.web.context.request.async.WebAsyncManagerIntegrationFilter@20ad64c, org.springframework.security.web.context.SecurityContextPersistenceFilter@4c941d19, org.springframework.security.web.header.HeaderWriterFilter@63fde7ca, org.springframework.security.web.authentication.logout.LogoutFilter@7d0e43d6, org.springframework.security.web.authentication.www.BasicAuthenticationFilter@6e111aeb, org.springframework.security.web.savedrequest.RequestCacheAwareFilter@601e7c97, org.springframework.security.web.servletapi.SecurityContextHolderAwareRequestFilter@5a20f793, org.springframework.security.web.authentication.AnonymousAuthenticationFilter@39a03ccc, org.springframework.security.web.session.SessionManagementFilter@6892d403, org.springframework.security.web.access.ExceptionTranslationFilter@222a7429, org.springframework.security.web.access.intercept.FilterSecurityInterceptor@22657db1]
2019-08-31 16:35:58,631 INFO org.springframework.security.web.DefaultSecurityFilterChain [main] Creating filter chain: org.springframework.security.oauth2.config.annotation.web.configuration.ResourceServerConfiguration$NotOAuthRequestMatcher@35217e0, [org.springframework.security.web.context.request.async.WebAsyncManagerIntegrationFilter@95aeee4, org.springframework.security.web.context.SecurityContextPersistenceFilter@1abd1a28, org.springframework.security.web.header.HeaderWriterFilter@74691677, org.springframework.security.web.authentication.logout.LogoutFilter@2daa5092, org.springframework.security.oauth2.provider.authentication.OAuth2AuthenticationProcessingFilter@22349ad3, org.springframework.security.web.savedrequest.RequestCacheAwareFilter@5478597, org.springframework.security.web.servletapi.SecurityContextHolderAwareRequestFilter@39a1e1e6, org.springframework.security.web.authentication.AnonymousAuthenticationFilter@3c1d6ef0, org.springframework.security.web.session.SessionManagementFilter@3314f179, org.springframework.security.web.access.ExceptionTranslationFilter@74ed7111, org.springframework.security.web.access.intercept.FilterSecurityInterceptor@28c75c93]
2019-08-31 16:35:58,642 INFO org.springframework.security.web.DefaultSecurityFilterChain [main] Creating filter chain: any request, [org.springframework.security.web.context.request.async.WebAsyncManagerIntegrationFilter@7ec75228, org.springframework.security.web.context.SecurityContextPersistenceFilter@6164b3a2, org.springframework.security.web.header.HeaderWriterFilter@6bbac73d, org.springframework.security.web.authentication.logout.LogoutFilter@59509393, org.springframework.security.web.authentication.www.BasicAuthenticationFilter@1d6dc2b8, org.springframework.security.web.savedrequest.RequestCacheAwareFilter@345af277, org.springframework.security.web.servletapi.SecurityContextHolderAwareRequestFilter@96448ee, org.springframework.security.web.authentication.AnonymousAuthenticationFilter@55cf5626, org.springframework.security.web.session.SessionManagementFilter@4e53c6ef, org.springframework.security.web.access.ExceptionTranslationFilter@3f1d4ecf]
2019-08-31 16:35:58,923 INFO org.springframework.boot.StartupInfoLogger [main] Started LezeckastenaApplicationTests in 19.36 seconds (JVM running for 38.266)
2019-08-31 16:35:59,598 INFO org.springframework.scheduling.concurrent.ExecutorConfigurationSupport [Thread-2] Shutting down ExecutorService 'applicationTaskExecutor'
2019-08-31 16:35:59,615 INFO org.springframework.orm.jpa.AbstractEntityManagerFactoryBean [Thread-2] Closing JPA EntityManagerFactory for persistence unit 'default'
2019-08-31 16:35:59,619 INFO com.zaxxer.hikari.HikariDataSource [Thread-2] HikariPool-1 - Shutdown initiated...
2019-08-31 16:35:59,643 INFO com.zaxxer.hikari.HikariDataSource [Thread-2] HikariPool-1 - Shutdown completed.
2019-08-31 16:36:18,761 INFO org.springframework.boot.StartupInfoLogger [main] Starting LezeckastenaApplication on DESKTOP-G5P5HPE with PID 8700 (C:\Users\PavolSoltes\Desktop\VAVA_backend\VAsVA\target\classes started by Pavol ≈†olt√©s in C:\Users\PavolSoltes\Desktop\VAVA_backend\VAsVA)
2019-08-31 16:36:18,769 DEBUG org.springframework.boot.StartupInfoLogger [main] Running with Spring Boot v2.1.3.RELEASE, Spring v5.1.5.RELEASE
2019-08-31 16:36:18,771 INFO org.springframework.boot.SpringApplication [main] No active profile set, falling back to default profiles: default
2019-08-31 16:36:20,871 INFO org.springframework.data.repository.config.RepositoryConfigurationDelegate [main] Bootstrapping Spring Data repositories in DEFAULT mode.
2019-08-31 16:36:21,141 INFO org.springframework.data.repository.config.RepositoryConfigurationDelegate [main] Finished Spring Data repository scanning in 252ms. Found 3 repository interfaces.
2019-08-31 16:36:22,005 INFO org.springframework.context.support.PostProcessorRegistrationDelegate$BeanPostProcessorChecker [main] Bean 'org.springframework.transaction.annotation.ProxyTransactionManagementConfiguration' of type [org.springframework.transaction.annotation.ProxyTransactionManagementConfiguration$$EnhancerBySpringCGLIB$$b3fcb018] is not eligible for getting processed by all BeanPostProcessors (for example: not eligible for auto-proxying)
2019-08-31 16:36:22,826 INFO org.springframework.boot.web.embedded.tomcat.TomcatWebServer [main] Tomcat initialized with port(s): 8080 (http)
2019-08-31 16:36:22,860 INFO org.apache.juli.logging.DirectJDKLog [main] Initializing ProtocolHandler ["http-nio-8080"]
2019-08-31 16:36:22,896 INFO org.apache.juli.logging.DirectJDKLog [main] Starting service [Tomcat]
2019-08-31 16:36:22,896 INFO org.apache.juli.logging.DirectJDKLog [main] Starting Servlet engine: [Apache Tomcat/9.0.16]
2019-08-31 16:36:22,913 INFO org.apache.juli.logging.DirectJDKLog [main] The APR based Apache Tomcat Native library which allows optimal performance in production environments was not found on the java.library.path: [C:\Program Files\Java\jdk-11.0.2\bin;C:\Windows\Sun\Java\bin;C:\Windows\system32;C:\Windows;C:\Program Files (x86)\Common Files\Oracle\Java\javapath;C:\Program Files\NVIDIA GPU Computing Toolkit\CUDA\v10.0\bin;C:\Program Files\NVIDIA GPU Computing Toolkit\CUDA\v10.0\libnvvp;C:\Program Files\Microsoft MPI\Bin\;C:\Windows\system32;C:\Windows;C:\Windows\System32\Wbem;C:\Windows\System32\WindowsPowerShell\v1.0\;C:\Windows\System32\OpenSSH\;C:\Program Files\PuTTY\;C:\Program Files\Git\cmd;C:\Bitnami\wampstack-7.1.23-0\php;C:\ProgramData\ComposerSetup\bin;C:\wamp64\bin\php\php7.2.10;C:\Users\PavolSoltes\AppData\Local\Programs\Python\Python37-32;C:\Program Files\nodejs\;C:\Program Files (x86)\NVIDIA Corporation\PhysX\Common;C:\Program Files\NVIDIA Corporation\NVIDIA NvDLISR;C:\Program Files\Java\jdk-11.0.2\bin;C:\Users\PavolSoltes\AppData\Local\Android\Sdk\platform-tools;C:\Ruby25-x64\bin;C:\Users\PavolSoltes\AppData\Local\Microsoft\WindowsApps;C:\Users\Pavol ≈†olt√©s\AppData\Roaming\Composer\vendor\bin;C:\Users\Pavol ≈†olt√©s\AppData\Local\Programs\MiKTeX 2.9\miktex\bin\x64\;C:\Users\Pavol ≈†olt√©s\AppData\Local\Programs\Python\Python37-32;C:\Users\PavolSoltes\AppData\Roaming\npm;C:\Program Files\NVIDIA GPU Computing Toolkit\CUDA\v10.0\bin;;C:\Program Files\JetBrains\PyCharm Community Edition 2018.3.3\bin;;C:\Program Files\JetBrains\IntelliJ IDEA 2018.3.4\bin;;C:\Users\PavolSoltes\AppData\Local\Programs\Microsoft VS Code\bin;C:\Users\PavolSoltes\AppData\Local\Pandoc\;.]
2019-08-31 16:36:23,346 INFO org.apache.juli.logging.DirectJDKLog [main] Initializing Spring embedded WebApplicationContext
2019-08-31 16:36:23,348 INFO org.springframework.boot.web.servlet.context.ServletWebServerApplicationContext [main] Root WebApplicationContext: initialization completed in 4401 ms
2019-08-31 16:36:23,817 INFO com.zaxxer.hikari.HikariDataSource [main] HikariPool-1 - Starting...
2019-08-31 16:36:24,338 INFO com.zaxxer.hikari.HikariDataSource [main] HikariPool-1 - Start completed.
2019-08-31 16:36:24,470 INFO org.hibernate.jpa.internal.util.LogHelper [main] HHH000204: Processing PersistenceUnitInfo [
	name: default
	...]
2019-08-31 16:36:25,014 INFO org.hibernate.Version [main] HHH000412: Hibernate Core {5.3.7.Final}
2019-08-31 16:36:25,020 INFO org.hibernate.cfg.Environment [main] HHH000206: hibernate.properties not found
2019-08-31 16:36:25,387 INFO org.hibernate.annotations.common.reflection.java.JavaReflectionManager [main] HCANN000001: Hibernate Commons Annotations {5.0.4.Final}
2019-08-31 16:36:25,766 INFO org.hibernate.dialect.Dialect [main] HHH000400: Using dialect: org.hibernate.dialect.PostgreSQLDialect
2019-08-31 16:36:25,815 INFO org.hibernate.engine.jdbc.env.internal.LobCreatorBuilderImpl [main] HHH000422: Disabling contextual LOB creation as connection was null
2019-08-31 16:36:25,825 INFO org.hibernate.type.BasicTypeRegistry [main] HHH000270: Type registration [java.util.UUID] overrides previous : org.hibernate.type.UUIDBinaryType@61853c7e
2019-08-31 16:36:28,419 INFO org.springframework.orm.jpa.AbstractEntityManagerFactoryBean [main] Initialized JPA EntityManagerFactory for persistence unit 'default'
2019-08-31 16:36:29,555 WARN org.springframework.security.oauth2.provider.token.store.JwtAccessTokenConverter [main] Unable to create an RSA verifier from verifierKey (ignoreable if using MAC)
2019-08-31 16:36:30,365 INFO org.springframework.scheduling.concurrent.ExecutorConfigurationSupport [main] Initializing ExecutorService 'applicationTaskExecutor'
2019-08-31 16:36:30,436 WARN org.springframework.boot.autoconfigure.orm.jpa.JpaBaseConfiguration$JpaWebConfiguration$JpaWebMvcConfiguration [main] spring.jpa.open-in-view is enabled by default. Therefore, database queries may be performed during view rendering. Explicitly configure spring.jpa.open-in-view to disable this warning
2019-08-31 16:36:31,397 INFO org.springframework.security.web.DefaultSecurityFilterChain [main] Creating filter chain: OrRequestMatcher [requestMatchers=[Ant [pattern='/oauth/token'], Ant [pattern='/oauth/token_key'], Ant [pattern='/oauth/check_token']]], [org.springframework.security.web.context.request.async.WebAsyncManagerIntegrationFilter@49392256, org.springframework.security.web.context.SecurityContextPersistenceFilter@2569afda, org.springframework.security.web.header.HeaderWriterFilter@5c46a957, org.springframework.security.web.authentication.logout.LogoutFilter@47f416d0, org.springframework.security.web.authentication.www.BasicAuthenticationFilter@2e1c8027, org.springframework.security.web.savedrequest.RequestCacheAwareFilter@70efdd18, org.springframework.security.web.servletapi.SecurityContextHolderAwareRequestFilter@f1e1d66, org.springframework.security.web.authentication.AnonymousAuthenticationFilter@5a23b9d1, org.springframework.security.web.session.SessionManagementFilter@41433530, org.springframework.security.web.access.ExceptionTranslationFilter@464abed, org.springframework.security.web.access.intercept.FilterSecurityInterceptor@7c59cf66]
2019-08-31 16:36:31,425 INFO org.springframework.security.web.DefaultSecurityFilterChain [main] Creating filter chain: org.springframework.security.oauth2.config.annotation.web.configuration.ResourceServerConfiguration$NotOAuthRequestMatcher@4aadf144, [org.springframework.security.web.context.request.async.WebAsyncManagerIntegrationFilter@68a97fc1, org.springframework.security.web.context.SecurityContextPersistenceFilter@d7c4fcb, org.springframework.security.web.header.HeaderWriterFilter@6d38a81d, org.springframework.security.web.authentication.logout.LogoutFilter@380e3122, org.springframework.security.oauth2.provider.authentication.OAuth2AuthenticationProcessingFilter@19656e21, org.springframework.security.web.savedrequest.RequestCacheAwareFilter@61d527ac, org.springframework.security.web.servletapi.SecurityContextHolderAwareRequestFilter@498503cb, org.springframework.security.web.authentication.AnonymousAuthenticationFilter@227fc322, org.springframework.security.web.session.SessionManagementFilter@41f61188, org.springframework.security.web.access.ExceptionTranslationFilter@5c261c74, org.springframework.security.web.access.intercept.FilterSecurityInterceptor@69c51fdb]
2019-08-31 16:36:31,428 INFO org.springframework.security.web.DefaultSecurityFilterChain [main] Creating filter chain: any request, [org.springframework.security.web.context.request.async.WebAsyncManagerIntegrationFilter@37c45154, org.springframework.security.web.context.SecurityContextPersistenceFilter@6167a456, org.springframework.security.web.header.HeaderWriterFilter@257708e, org.springframework.security.web.authentication.logout.LogoutFilter@66e434e8, org.springframework.security.web.authentication.www.BasicAuthenticationFilter@3a7d6976, org.springframework.security.web.savedrequest.RequestCacheAwareFilter@54eb2bf6, org.springframework.security.web.servletapi.SecurityContextHolderAwareRequestFilter@6d01f2e5, org.springframework.security.web.authentication.AnonymousAuthenticationFilter@55300b93, org.springframework.security.web.session.SessionManagementFilter@18c26588, org.springframework.security.web.access.ExceptionTranslationFilter@71e89a26]
2019-08-31 16:36:31,569 INFO org.apache.juli.logging.DirectJDKLog [main] Starting ProtocolHandler ["http-nio-8080"]
2019-08-31 16:36:31,633 INFO org.springframework.boot.web.embedded.tomcat.TomcatWebServer [main] Tomcat started on port(s): 8080 (http) with context path ''
2019-08-31 16:36:31,642 INFO org.springframework.boot.StartupInfoLogger [main] Started LezeckastenaApplication in 14.165 seconds (JVM running for 16.121)
2019-08-31 16:37:30,526 INFO org.apache.juli.logging.DirectJDKLog [http-nio-8080-exec-1] Initializing Spring DispatcherServlet 'dispatcherServlet'
2019-08-31 16:37:30,528 INFO org.springframework.web.servlet.FrameworkServlet [http-nio-8080-exec-1] Initializing Servlet 'dispatcherServlet'
2019-08-31 16:37:30,541 INFO org.springframework.web.servlet.FrameworkServlet [http-nio-8080-exec-1] Completed initialization in 12 ms
2019-08-31 16:37:30,653 INFO org.hibernate.hql.internal.QueryTranslatorFactoryInitiator [http-nio-8080-exec-1] HHH000397: Using ASTQueryTranslatorFactory
2019-08-31 16:37:30,860 TRACE vava.soltesvasko.lezeckastena.Data.Climber [http-nio-8080-exec-1] Creating new Climber.
2019-08-31 16:37:30,873 TRACE vava.soltesvasko.lezeckastena.Data.Climber [http-nio-8080-exec-1] Getting id (null).
2019-08-31 16:43:20,561 TRACE vava.soltesvasko.lezeckastena.Data.Climber [http-nio-8080-exec-3] Getting password for climber (27).
2019-08-31 16:43:20,576 TRACE vava.soltesvasko.lezeckastena.Data.Climber [http-nio-8080-exec-3] Getting roles for climber (27).
2019-08-31 16:43:20,580 TRACE vava.soltesvasko.lezeckastena.Data.Climber [http-nio-8080-exec-3] Getting roles for climber (27).
2019-08-31 16:43:20,591 TRACE vava.soltesvasko.lezeckastena.Data.Climber [http-nio-8080-exec-3] Getting email for climber (27).
2019-08-31 16:43:20,871 TRACE vava.soltesvasko.lezeckastena.Data.Climber [http-nio-8080-exec-3] Getting email for climber (27).
2019-08-31 16:43:20,875 TRACE vava.soltesvasko.lezeckastena.Data.Climber [http-nio-8080-exec-3] Getting email for climber (27).
2019-08-31 16:43:20,880 TRACE vava.soltesvasko.lezeckastena.Data.Climber [http-nio-8080-exec-3] Getting id (27).
2019-08-31 16:47:23,956 TRACE vava.soltesvasko.lezeckastena.Data.Climber [http-nio-8080-exec-5] Getting password for climber (26).
2019-08-31 16:47:23,989 TRACE vava.soltesvasko.lezeckastena.Data.Climber [http-nio-8080-exec-5] Getting roles for climber (26).
2019-08-31 16:47:23,993 TRACE vava.soltesvasko.lezeckastena.Data.Climber [http-nio-8080-exec-5] Getting roles for climber (26).
2019-08-31 16:47:24,000 TRACE vava.soltesvasko.lezeckastena.Data.Climber [http-nio-8080-exec-5] Getting email for climber (26).
2019-08-31 16:47:24,022 TRACE vava.soltesvasko.lezeckastena.Data.Climber [http-nio-8080-exec-5] Getting email for climber (26).
2019-08-31 16:47:24,026 TRACE vava.soltesvasko.lezeckastena.Data.Climber [http-nio-8080-exec-5] Getting email for climber (26).
2019-08-31 16:47:24,031 TRACE vava.soltesvasko.lezeckastena.Data.Climber [http-nio-8080-exec-5] Getting id (26).
2019-08-31 17:07:35,000 TRACE vava.soltesvasko.lezeckastena.Data.Climber [http-nio-8080-exec-7] Getting password for climber (26).
2019-08-31 17:07:35,011 TRACE vava.soltesvasko.lezeckastena.Data.Climber [http-nio-8080-exec-7] Getting roles for climber (26).
2019-08-31 17:07:35,019 TRACE vava.soltesvasko.lezeckastena.Data.Climber [http-nio-8080-exec-7] Getting roles for climber (26).
2019-08-31 17:07:35,019 TRACE vava.soltesvasko.lezeckastena.Data.Climber [http-nio-8080-exec-7] Getting email for climber (26).
2019-08-31 17:07:35,029 TRACE vava.soltesvasko.lezeckastena.Data.Climber [http-nio-8080-exec-7] Getting email for climber (26).
2019-08-31 17:07:35,029 TRACE vava.soltesvasko.lezeckastena.Data.Climber [http-nio-8080-exec-7] Getting email for climber (26).
2019-08-31 17:07:35,040 TRACE vava.soltesvasko.lezeckastena.Data.Climber [http-nio-8080-exec-7] Getting id (26).
2019-08-31 17:09:33,653 TRACE vava.soltesvasko.lezeckastena.Data.Climber [http-nio-8080-exec-9] Getting password for climber (26).
2019-08-31 17:09:33,661 TRACE vava.soltesvasko.lezeckastena.Data.Climber [http-nio-8080-exec-9] Getting roles for climber (26).
2019-08-31 17:09:33,663 TRACE vava.soltesvasko.lezeckastena.Data.Climber [http-nio-8080-exec-9] Getting roles for climber (26).
2019-08-31 17:09:33,664 TRACE vava.soltesvasko.lezeckastena.Data.Climber [http-nio-8080-exec-9] Getting email for climber (26).
2019-08-31 17:09:33,671 TRACE vava.soltesvasko.lezeckastena.Data.Climber [http-nio-8080-exec-9] Getting email for climber (26).
2019-08-31 17:09:33,671 TRACE vava.soltesvasko.lezeckastena.Data.Climber [http-nio-8080-exec-9] Getting email for climber (26).
2019-08-31 17:09:33,671 TRACE vava.soltesvasko.lezeckastena.Data.Climber [http-nio-8080-exec-9] Getting id (26).
2019-08-31 17:09:35,734 TRACE vava.soltesvasko.lezeckastena.Data.Climber [http-nio-8080-exec-10] Getting roles for climber (26).
2019-08-31 17:24:48,980 TRACE vava.soltesvasko.lezeckastena.Data.Climber [http-nio-8080-exec-4] Getting password for climber (26).
2019-08-31 17:24:49,011 TRACE vava.soltesvasko.lezeckastena.Data.Climber [http-nio-8080-exec-4] Getting roles for climber (26).
2019-08-31 17:24:49,011 TRACE vava.soltesvasko.lezeckastena.Data.Climber [http-nio-8080-exec-4] Getting roles for climber (26).
2019-08-31 17:24:49,011 TRACE vava.soltesvasko.lezeckastena.Data.Climber [http-nio-8080-exec-4] Getting email for climber (26).
2019-08-31 17:24:49,026 TRACE vava.soltesvasko.lezeckastena.Data.Climber [http-nio-8080-exec-4] Getting email for climber (26).
2019-08-31 17:24:49,042 TRACE vava.soltesvasko.lezeckastena.Data.Climber [http-nio-8080-exec-4] Getting email for climber (26).
2019-08-31 17:24:49,042 TRACE vava.soltesvasko.lezeckastena.Data.Climber [http-nio-8080-exec-4] Getting id (26).
2019-08-31 17:24:50,494 TRACE vava.soltesvasko.lezeckastena.Data.Climber [http-nio-8080-exec-5] Getting roles for climber (26).
2019-08-31 17:28:38,733 TRACE vava.soltesvasko.lezeckastena.Data.Climber [http-nio-8080-exec-9] Getting password for climber (26).
2019-08-31 17:28:38,777 TRACE vava.soltesvasko.lezeckastena.Data.Climber [http-nio-8080-exec-9] Getting roles for climber (26).
2019-08-31 17:28:38,781 TRACE vava.soltesvasko.lezeckastena.Data.Climber [http-nio-8080-exec-9] Getting roles for climber (26).
2019-08-31 17:28:38,790 TRACE vava.soltesvasko.lezeckastena.Data.Climber [http-nio-8080-exec-9] Getting email for climber (26).
2019-08-31 17:28:38,803 TRACE vava.soltesvasko.lezeckastena.Data.Climber [http-nio-8080-exec-9] Getting email for climber (26).
2019-08-31 17:28:38,804 TRACE vava.soltesvasko.lezeckastena.Data.Climber [http-nio-8080-exec-9] Getting email for climber (26).
2019-08-31 17:28:38,811 TRACE vava.soltesvasko.lezeckastena.Data.Climber [http-nio-8080-exec-9] Getting id (26).
2019-08-31 17:28:40,339 TRACE vava.soltesvasko.lezeckastena.Data.Climber [http-nio-8080-exec-10] Getting roles for climber (26).
2019-08-31 17:32:39,950 TRACE vava.soltesvasko.lezeckastena.Data.Climber [http-nio-8080-exec-4] Getting password for climber (26).
2019-08-31 17:32:39,955 TRACE vava.soltesvasko.lezeckastena.Data.Climber [http-nio-8080-exec-4] Getting roles for climber (26).
2019-08-31 17:32:39,955 TRACE vava.soltesvasko.lezeckastena.Data.Climber [http-nio-8080-exec-4] Getting roles for climber (26).
2019-08-31 17:32:39,955 TRACE vava.soltesvasko.lezeckastena.Data.Climber [http-nio-8080-exec-4] Getting email for climber (26).
2019-08-31 17:32:39,961 TRACE vava.soltesvasko.lezeckastena.Data.Climber [http-nio-8080-exec-4] Getting email for climber (26).
2019-08-31 17:32:39,961 TRACE vava.soltesvasko.lezeckastena.Data.Climber [http-nio-8080-exec-4] Getting email for climber (26).
2019-08-31 17:32:39,961 TRACE vava.soltesvasko.lezeckastena.Data.Climber [http-nio-8080-exec-4] Getting id (26).
2019-08-31 17:32:41,594 TRACE vava.soltesvasko.lezeckastena.Data.Climber [http-nio-8080-exec-5] Getting roles for climber (26).
2019-08-31 17:34:23,141 TRACE vava.soltesvasko.lezeckastena.Data.Climber [http-nio-8080-exec-9] Getting password for climber (26).
2019-08-31 17:34:23,145 TRACE vava.soltesvasko.lezeckastena.Data.Climber [http-nio-8080-exec-9] Getting roles for climber (26).
2019-08-31 17:34:23,145 TRACE vava.soltesvasko.lezeckastena.Data.Climber [http-nio-8080-exec-9] Getting roles for climber (26).
2019-08-31 17:34:23,145 TRACE vava.soltesvasko.lezeckastena.Data.Climber [http-nio-8080-exec-9] Getting email for climber (26).
2019-08-31 17:34:23,151 TRACE vava.soltesvasko.lezeckastena.Data.Climber [http-nio-8080-exec-9] Getting email for climber (26).
2019-08-31 17:34:23,151 TRACE vava.soltesvasko.lezeckastena.Data.Climber [http-nio-8080-exec-9] Getting email for climber (26).
2019-08-31 17:34:23,151 TRACE vava.soltesvasko.lezeckastena.Data.Climber [http-nio-8080-exec-9] Getting id (26).
2019-08-31 17:48:01,878 DEBUG org.hibernate.validator.messageinterpolation.ResourceBundleMessageInterpolator [background-preinit] Loaded expression factory via original TCCL
2019-08-31 17:48:01,899 DEBUG org.hibernate.validator.internal.engine.ValidatorFactoryImpl [background-preinit] HV000234: Using org.hibernate.validator.messageinterpolation.ResourceBundleMessageInterpolator as ValidatorFactory-scoped message interpolator.
2019-08-31 17:48:01,900 DEBUG org.hibernate.validator.internal.engine.ValidatorFactoryImpl [background-preinit] HV000234: Using org.hibernate.validator.internal.engine.resolver.JPATraversableResolver as ValidatorFactory-scoped traversable resolver.
2019-08-31 17:48:01,901 DEBUG org.hibernate.validator.internal.engine.ValidatorFactoryImpl [background-preinit] HV000234: Using org.hibernate.validator.internal.util.ExecutableParameterNameProvider as ValidatorFactory-scoped parameter name provider.
2019-08-31 17:48:01,902 DEBUG org.hibernate.validator.internal.engine.ValidatorFactoryImpl [background-preinit] HV000234: Using org.hibernate.validator.internal.engine.DefaultClockProvider as ValidatorFactory-scoped clock provider.
2019-08-31 17:48:01,903 DEBUG org.hibernate.validator.internal.engine.ValidatorFactoryImpl [background-preinit] HV000234: Using org.hibernate.validator.internal.engine.scripting.DefaultScriptEvaluatorFactory as ValidatorFactory-scoped script evaluator factory.
2019-08-31 17:48:02,364 INFO org.springframework.boot.StartupInfoLogger [main] Starting LezeckastenaApplicationTests on DESKTOP-G5P5HPE with PID 8920 (started by Pavol äoltÈs in C:\Users\PavolSoltes\Desktop\VAVA_backend\VAsVA)
2019-08-31 17:48:02,368 DEBUG org.springframework.boot.StartupInfoLogger [main] Running with Spring Boot v2.1.3.RELEASE, Spring v5.1.5.RELEASE
2019-08-31 17:48:02,372 INFO org.springframework.boot.SpringApplication [main] No active profile set, falling back to default profiles: default
2019-08-31 17:48:08,136 INFO org.springframework.data.repository.config.RepositoryConfigurationDelegate [main] Bootstrapping Spring Data repositories in DEFAULT mode.
2019-08-31 17:48:08,661 INFO org.springframework.data.repository.config.RepositoryConfigurationDelegate [main] Finished Spring Data repository scanning in 467ms. Found 3 repository interfaces.
2019-08-31 17:48:11,785 INFO org.springframework.context.support.PostProcessorRegistrationDelegate$BeanPostProcessorChecker [main] Bean 'org.springframework.transaction.annotation.ProxyTransactionManagementConfiguration' of type [org.springframework.transaction.annotation.ProxyTransactionManagementConfiguration$$EnhancerBySpringCGLIB$$566f3fda] is not eligible for getting processed by all BeanPostProcessors (for example: not eligible for auto-proxying)
2019-08-31 17:48:13,036 INFO com.zaxxer.hikari.HikariDataSource [main] HikariPool-1 - Starting...
2019-08-31 17:48:13,716 INFO com.zaxxer.hikari.HikariDataSource [main] HikariPool-1 - Start completed.
2019-08-31 17:48:14,100 INFO org.hibernate.jpa.internal.util.LogHelper [main] HHH000204: Processing PersistenceUnitInfo [
	name: default
	...]
2019-08-31 17:48:14,684 INFO org.hibernate.Version [main] HHH000412: Hibernate Core {5.3.7.Final}
2019-08-31 17:48:14,775 INFO org.hibernate.cfg.Environment [main] HHH000206: hibernate.properties not found
2019-08-31 17:48:15,665 INFO org.hibernate.annotations.common.reflection.java.JavaReflectionManager [main] HCANN000001: Hibernate Commons Annotations {5.0.4.Final}
2019-08-31 17:48:21,011 INFO org.hibernate.dialect.Dialect [main] HHH000400: Using dialect: org.hibernate.dialect.PostgreSQLDialect
2019-08-31 17:48:21,122 INFO org.hibernate.engine.jdbc.env.internal.LobCreatorBuilderImpl [main] HHH000422: Disabling contextual LOB creation as connection was null
2019-08-31 17:48:21,182 INFO org.hibernate.type.BasicTypeRegistry [main] HHH000270: Type registration [java.util.UUID] overrides previous : org.hibernate.type.UUIDBinaryType@7a3f08b6
2019-08-31 17:48:25,233 INFO org.springframework.orm.jpa.AbstractEntityManagerFactoryBean [main] Initialized JPA EntityManagerFactory for persistence unit 'default'
2019-08-31 17:48:28,807 WARN org.springframework.security.oauth2.provider.token.store.JwtAccessTokenConverter [main] Unable to create an RSA verifier from verifierKey (ignoreable if using MAC)
2019-08-31 17:48:34,700 INFO org.springframework.scheduling.concurrent.ExecutorConfigurationSupport [main] Initializing ExecutorService 'applicationTaskExecutor'
2019-08-31 17:48:34,939 WARN org.springframework.boot.autoconfigure.orm.jpa.JpaBaseConfiguration$JpaWebConfiguration$JpaWebMvcConfiguration [main] spring.jpa.open-in-view is enabled by default. Therefore, database queries may be performed during view rendering. Explicitly configure spring.jpa.open-in-view to disable this warning
2019-08-31 17:48:40,084 INFO org.springframework.security.web.DefaultSecurityFilterChain [main] Creating filter chain: OrRequestMatcher [requestMatchers=[Ant [pattern='/oauth/token'], Ant [pattern='/oauth/token_key'], Ant [pattern='/oauth/check_token']]], [org.springframework.security.web.context.request.async.WebAsyncManagerIntegrationFilter@5478597, org.springframework.security.web.context.SecurityContextPersistenceFilter@543c887, org.springframework.security.web.header.HeaderWriterFilter@4c941d19, org.springframework.security.web.authentication.logout.LogoutFilter@1acfc058, org.springframework.security.web.authentication.www.BasicAuthenticationFilter@3da6950f, org.springframework.security.web.savedrequest.RequestCacheAwareFilter@27e656e6, org.springframework.security.web.servletapi.SecurityContextHolderAwareRequestFilter@c3c63c1, org.springframework.security.web.authentication.AnonymousAuthenticationFilter@39a1e1e6, org.springframework.security.web.session.SessionManagementFilter@211cf27b, org.springframework.security.web.access.ExceptionTranslationFilter@1e37cb10, org.springframework.security.web.access.intercept.FilterSecurityInterceptor@2566247d]
2019-08-31 17:48:40,286 INFO org.springframework.security.web.DefaultSecurityFilterChain [main] Creating filter chain: org.springframework.security.oauth2.config.annotation.web.configuration.ResourceServerConfiguration$NotOAuthRequestMatcher@55cf5626, [org.springframework.security.web.context.request.async.WebAsyncManagerIntegrationFilter@8de8b07, org.springframework.security.web.context.SecurityContextPersistenceFilter@1e9f6095, org.springframework.security.web.header.HeaderWriterFilter@71dfca65, org.springframework.security.web.authentication.logout.LogoutFilter@308d4981, org.springframework.security.oauth2.provider.authentication.OAuth2AuthenticationProcessingFilter@4e53c6ef, org.springframework.security.web.savedrequest.RequestCacheAwareFilter@3f465ae, org.springframework.security.web.servletapi.SecurityContextHolderAwareRequestFilter@c770b57, org.springframework.security.web.authentication.AnonymousAuthenticationFilter@7b55f0a6, org.springframework.security.web.session.SessionManagementFilter@7fa86ddd, org.springframework.security.web.access.ExceptionTranslationFilter@28f6a008, org.springframework.security.web.access.intercept.FilterSecurityInterceptor@7ec75228]
2019-08-31 17:48:40,315 INFO org.springframework.security.web.DefaultSecurityFilterChain [main] Creating filter chain: any request, [org.springframework.security.web.context.request.async.WebAsyncManagerIntegrationFilter@439d649c, org.springframework.security.web.context.SecurityContextPersistenceFilter@457d3f54, org.springframework.security.web.header.HeaderWriterFilter@6bfc5296, org.springframework.security.web.authentication.logout.LogoutFilter@47cf922d, org.springframework.security.web.authentication.www.BasicAuthenticationFilter@6b64921f, org.springframework.security.web.savedrequest.RequestCacheAwareFilter@144792d5, org.springframework.security.web.servletapi.SecurityContextHolderAwareRequestFilter@1da61a29, org.springframework.security.web.authentication.AnonymousAuthenticationFilter@6e475994, org.springframework.security.web.session.SessionManagementFilter@41736818, org.springframework.security.web.access.ExceptionTranslationFilter@1718de70]
2019-08-31 17:48:41,124 INFO org.springframework.boot.StartupInfoLogger [main] Started LezeckastenaApplicationTests in 40.661 seconds (JVM running for 52.033)
2019-08-31 17:48:42,459 INFO org.springframework.scheduling.concurrent.ExecutorConfigurationSupport [Thread-2] Shutting down ExecutorService 'applicationTaskExecutor'
2019-08-31 17:48:42,470 INFO org.springframework.orm.jpa.AbstractEntityManagerFactoryBean [Thread-2] Closing JPA EntityManagerFactory for persistence unit 'default'
2019-08-31 17:48:42,495 INFO com.zaxxer.hikari.HikariDataSource [Thread-2] HikariPool-1 - Shutdown initiated...
2019-08-31 17:48:42,544 INFO com.zaxxer.hikari.HikariDataSource [Thread-2] HikariPool-1 - Shutdown completed.
2019-08-31 17:49:22,454 INFO org.springframework.boot.StartupInfoLogger [main] Starting LezeckastenaApplication on DESKTOP-G5P5HPE with PID 10700 (C:\Users\PavolSoltes\Desktop\VAVA_backend\VAsVA\target\classes started by Pavol ≈†olt√©s in C:\Users\PavolSoltes\Desktop\VAVA_backend\VAsVA)
2019-08-31 17:49:22,459 DEBUG org.springframework.boot.StartupInfoLogger [main] Running with Spring Boot v2.1.3.RELEASE, Spring v5.1.5.RELEASE
2019-08-31 17:49:22,460 INFO org.springframework.boot.SpringApplication [main] No active profile set, falling back to default profiles: default
2019-08-31 17:49:26,180 INFO org.springframework.data.repository.config.RepositoryConfigurationDelegate [main] Bootstrapping Spring Data repositories in DEFAULT mode.
2019-08-31 17:49:26,685 INFO org.springframework.data.repository.config.RepositoryConfigurationDelegate [main] Finished Spring Data repository scanning in 468ms. Found 3 repository interfaces.
2019-08-31 17:49:28,019 INFO org.springframework.context.support.PostProcessorRegistrationDelegate$BeanPostProcessorChecker [main] Bean 'org.springframework.transaction.annotation.ProxyTransactionManagementConfiguration' of type [org.springframework.transaction.annotation.ProxyTransactionManagementConfiguration$$EnhancerBySpringCGLIB$$9750b002] is not eligible for getting processed by all BeanPostProcessors (for example: not eligible for auto-proxying)
2019-08-31 17:49:29,216 INFO org.springframework.boot.web.embedded.tomcat.TomcatWebServer [main] Tomcat initialized with port(s): 8080 (http)
2019-08-31 17:49:29,349 INFO org.apache.juli.logging.DirectJDKLog [main] Initializing ProtocolHandler ["http-nio-8080"]
2019-08-31 17:49:29,433 INFO org.apache.juli.logging.DirectJDKLog [main] Starting service [Tomcat]
2019-08-31 17:49:29,468 INFO org.apache.juli.logging.DirectJDKLog [main] Starting Servlet engine: [Apache Tomcat/9.0.16]
2019-08-31 17:49:29,491 INFO org.apache.juli.logging.DirectJDKLog [main] The APR based Apache Tomcat Native library which allows optimal performance in production environments was not found on the java.library.path: [C:\Program Files\Java\jdk-11.0.2\bin;C:\Windows\Sun\Java\bin;C:\Windows\system32;C:\Windows;C:\Program Files (x86)\Common Files\Oracle\Java\javapath;C:\Program Files\NVIDIA GPU Computing Toolkit\CUDA\v10.0\bin;C:\Program Files\NVIDIA GPU Computing Toolkit\CUDA\v10.0\libnvvp;C:\Program Files\Microsoft MPI\Bin\;C:\Windows\system32;C:\Windows;C:\Windows\System32\Wbem;C:\Windows\System32\WindowsPowerShell\v1.0\;C:\Windows\System32\OpenSSH\;C:\Program Files\PuTTY\;C:\Program Files\Git\cmd;C:\Bitnami\wampstack-7.1.23-0\php;C:\ProgramData\ComposerSetup\bin;C:\wamp64\bin\php\php7.2.10;C:\Users\PavolSoltes\AppData\Local\Programs\Python\Python37-32;C:\Program Files\nodejs\;C:\Program Files (x86)\NVIDIA Corporation\PhysX\Common;C:\Program Files\NVIDIA Corporation\NVIDIA NvDLISR;C:\Program Files\Java\jdk-11.0.2\bin;C:\Users\PavolSoltes\AppData\Local\Android\Sdk\platform-tools;C:\Ruby25-x64\bin;C:\Users\PavolSoltes\AppData\Local\Microsoft\WindowsApps;C:\Users\Pavol ≈†olt√©s\AppData\Roaming\Composer\vendor\bin;C:\Users\Pavol ≈†olt√©s\AppData\Local\Programs\MiKTeX 2.9\miktex\bin\x64\;C:\Users\Pavol ≈†olt√©s\AppData\Local\Programs\Python\Python37-32;C:\Users\PavolSoltes\AppData\Roaming\npm;C:\Program Files\NVIDIA GPU Computing Toolkit\CUDA\v10.0\bin;;C:\Program Files\JetBrains\PyCharm Community Edition 2018.3.3\bin;;C:\Program Files\JetBrains\IntelliJ IDEA 2018.3.4\bin;;C:\Users\PavolSoltes\AppData\Local\Programs\Microsoft VS Code\bin;C:\Users\PavolSoltes\AppData\Local\Pandoc\;.]
2019-08-31 17:49:29,990 INFO org.apache.juli.logging.DirectJDKLog [main] Initializing Spring embedded WebApplicationContext
2019-08-31 17:49:29,992 INFO org.springframework.boot.web.servlet.context.ServletWebServerApplicationContext [main] Root WebApplicationContext: initialization completed in 7420 ms
2019-08-31 17:49:30,557 INFO com.zaxxer.hikari.HikariDataSource [main] HikariPool-1 - Starting...
2019-08-31 17:49:31,457 INFO com.zaxxer.hikari.HikariDataSource [main] HikariPool-1 - Start completed.
2019-08-31 17:49:31,577 INFO org.hibernate.jpa.internal.util.LogHelper [main] HHH000204: Processing PersistenceUnitInfo [
	name: default
	...]
2019-08-31 17:49:33,458 INFO org.hibernate.Version [main] HHH000412: Hibernate Core {5.3.7.Final}
2019-08-31 17:49:33,464 INFO org.hibernate.cfg.Environment [main] HHH000206: hibernate.properties not found
2019-08-31 17:49:33,855 INFO org.hibernate.annotations.common.reflection.java.JavaReflectionManager [main] HCANN000001: Hibernate Commons Annotations {5.0.4.Final}
2019-08-31 17:49:34,254 INFO org.hibernate.dialect.Dialect [main] HHH000400: Using dialect: org.hibernate.dialect.PostgreSQLDialect
2019-08-31 17:49:34,333 INFO org.hibernate.engine.jdbc.env.internal.LobCreatorBuilderImpl [main] HHH000422: Disabling contextual LOB creation as connection was null
2019-08-31 17:49:34,391 INFO org.hibernate.type.BasicTypeRegistry [main] HHH000270: Type registration [java.util.UUID] overrides previous : org.hibernate.type.UUIDBinaryType@3214bad
2019-08-31 17:49:36,673 INFO org.springframework.orm.jpa.AbstractEntityManagerFactoryBean [main] Initialized JPA EntityManagerFactory for persistence unit 'default'
2019-08-31 17:49:38,568 WARN org.springframework.security.oauth2.provider.token.store.JwtAccessTokenConverter [main] Unable to create an RSA verifier from verifierKey (ignoreable if using MAC)
2019-08-31 17:49:39,326 INFO org.springframework.scheduling.concurrent.ExecutorConfigurationSupport [main] Initializing ExecutorService 'applicationTaskExecutor'
2019-08-31 17:49:39,433 WARN org.springframework.boot.autoconfigure.orm.jpa.JpaBaseConfiguration$JpaWebConfiguration$JpaWebMvcConfiguration [main] spring.jpa.open-in-view is enabled by default. Therefore, database queries may be performed during view rendering. Explicitly configure spring.jpa.open-in-view to disable this warning
2019-08-31 17:49:40,578 INFO org.springframework.security.web.DefaultSecurityFilterChain [main] Creating filter chain: OrRequestMatcher [requestMatchers=[Ant [pattern='/oauth/token'], Ant [pattern='/oauth/token_key'], Ant [pattern='/oauth/check_token']]], [org.springframework.security.web.context.request.async.WebAsyncManagerIntegrationFilter@3bf52f8f, org.springframework.security.web.context.SecurityContextPersistenceFilter@69c51fdb, org.springframework.security.web.header.HeaderWriterFilter@16f2d883, org.springframework.security.web.authentication.logout.LogoutFilter@8d52313, org.springframework.security.web.authentication.www.BasicAuthenticationFilter@183a84f4, org.springframework.security.web.savedrequest.RequestCacheAwareFilter@68a97fc1, org.springframework.security.web.servletapi.SecurityContextHolderAwareRequestFilter@18c26588, org.springframework.security.web.authentication.AnonymousAuthenticationFilter@57d7c511, org.springframework.security.web.session.SessionManagementFilter@6b6939e1, org.springframework.security.web.access.ExceptionTranslationFilter@b9c9bf5, org.springframework.security.web.access.intercept.FilterSecurityInterceptor@16b2d182]
2019-08-31 17:49:40,640 INFO org.springframework.security.web.DefaultSecurityFilterChain [main] Creating filter chain: org.springframework.security.oauth2.config.annotation.web.configuration.ResourceServerConfiguration$NotOAuthRequestMatcher@317fa5dd, [org.springframework.security.web.context.request.async.WebAsyncManagerIntegrationFilter@477906cf, org.springframework.security.web.context.SecurityContextPersistenceFilter@5114c8a1, org.springframework.security.web.header.HeaderWriterFilter@19d0d1ab, org.springframework.security.web.authentication.logout.LogoutFilter@f26cd76, org.springframework.security.oauth2.provider.authentication.OAuth2AuthenticationProcessingFilter@5c2ae7d7, org.springframework.security.web.savedrequest.RequestCacheAwareFilter@24d73c51, org.springframework.security.web.servletapi.SecurityContextHolderAwareRequestFilter@3b95fce9, org.springframework.security.web.authentication.AnonymousAuthenticationFilter@65234a9, org.springframework.security.web.session.SessionManagementFilter@7e0941cc, org.springframework.security.web.access.ExceptionTranslationFilter@45f6181a, org.springframework.security.web.access.intercept.FilterSecurityInterceptor@36ce0bc2]
2019-08-31 17:49:40,645 INFO org.springframework.security.web.DefaultSecurityFilterChain [main] Creating filter chain: any request, [org.springframework.security.web.context.request.async.WebAsyncManagerIntegrationFilter@294bb6ae, org.springframework.security.web.context.SecurityContextPersistenceFilter@6bec566e, org.springframework.security.web.header.HeaderWriterFilter@238a7e3d, org.springframework.security.web.authentication.logout.LogoutFilter@67aaf882, org.springframework.security.web.authentication.www.BasicAuthenticationFilter@6efc9d3f, org.springframework.security.web.savedrequest.RequestCacheAwareFilter@47400608, org.springframework.security.web.servletapi.SecurityContextHolderAwareRequestFilter@374bf34b, org.springframework.security.web.authentication.AnonymousAuthenticationFilter@4172c967, org.springframework.security.web.session.SessionManagementFilter@7ed5cc8c, org.springframework.security.web.access.ExceptionTranslationFilter@7f6a6d46]
2019-08-31 17:49:40,787 INFO org.apache.juli.logging.DirectJDKLog [main] Starting ProtocolHandler ["http-nio-8080"]
2019-08-31 17:49:40,860 INFO org.springframework.boot.web.embedded.tomcat.TomcatWebServer [main] Tomcat started on port(s): 8080 (http) with context path ''
2019-08-31 17:49:40,870 INFO org.springframework.boot.StartupInfoLogger [main] Started LezeckastenaApplication in 19.884 seconds (JVM running for 25.594)
2019-08-31 17:51:16,580 INFO org.apache.juli.logging.DirectJDKLog [http-nio-8080-exec-1] Initializing Spring DispatcherServlet 'dispatcherServlet'
2019-08-31 17:51:16,582 INFO org.springframework.web.servlet.FrameworkServlet [http-nio-8080-exec-1] Initializing Servlet 'dispatcherServlet'
2019-08-31 17:51:16,601 INFO org.springframework.web.servlet.FrameworkServlet [http-nio-8080-exec-1] Completed initialization in 17 ms
2019-08-31 17:51:17,057 INFO org.hibernate.hql.internal.QueryTranslatorFactoryInitiator [http-nio-8080-exec-1] HHH000397: Using ASTQueryTranslatorFactory
2019-08-31 17:51:17,352 TRACE vava.soltesvasko.lezeckastena.Data.Climber [http-nio-8080-exec-1] Getting password for climber (26).
2019-08-31 17:51:17,353 TRACE vava.soltesvasko.lezeckastena.Data.Climber [http-nio-8080-exec-1] Getting roles for climber (26).
2019-08-31 17:51:17,355 TRACE vava.soltesvasko.lezeckastena.Data.Climber [http-nio-8080-exec-1] Getting roles for climber (26).
2019-08-31 17:51:17,360 TRACE vava.soltesvasko.lezeckastena.Data.Climber [http-nio-8080-exec-1] Getting email for climber (26).
2019-08-31 17:51:17,513 TRACE vava.soltesvasko.lezeckastena.Data.Climber [http-nio-8080-exec-1] Getting email for climber (26).
2019-08-31 17:51:17,515 TRACE vava.soltesvasko.lezeckastena.Data.Climber [http-nio-8080-exec-1] Getting email for climber (26).
2019-08-31 17:51:17,516 TRACE vava.soltesvasko.lezeckastena.Data.Climber [http-nio-8080-exec-1] Getting id (26).
2019-08-31 17:52:27,447 TRACE vava.soltesvasko.lezeckastena.Data.Climber [http-nio-8080-exec-3] Getting password for climber (26).
2019-08-31 17:52:27,449 TRACE vava.soltesvasko.lezeckastena.Data.Climber [http-nio-8080-exec-3] Getting roles for climber (26).
2019-08-31 17:52:27,450 TRACE vava.soltesvasko.lezeckastena.Data.Climber [http-nio-8080-exec-3] Getting roles for climber (26).
2019-08-31 17:52:27,451 TRACE vava.soltesvasko.lezeckastena.Data.Climber [http-nio-8080-exec-3] Getting email for climber (26).
2019-08-31 17:52:27,453 TRACE vava.soltesvasko.lezeckastena.Data.Climber [http-nio-8080-exec-3] Getting email for climber (26).
2019-08-31 17:52:27,455 TRACE vava.soltesvasko.lezeckastena.Data.Climber [http-nio-8080-exec-3] Getting email for climber (26).
2019-08-31 17:52:27,457 TRACE vava.soltesvasko.lezeckastena.Data.Climber [http-nio-8080-exec-3] Getting id (26).
2019-08-31 17:52:28,857 TRACE vava.soltesvasko.lezeckastena.Data.Climber [http-nio-8080-exec-4] Getting roles for climber (26).
